<?xml version="1.0" encoding="UTF-8"?>
<!-- Generated by org.testng.reporters.JUnitReportReporter -->
<testsuite name="QuickStartTest" tests="1" time="0.246" ignored="0" failures="0" timestamp="25 Aug 2020 07:59:44 GMT" skipped="0" hostname="IN-vbanachh-W1" errors="0">
  <testcase name="quickStartDemoTest" time="0.246" classname="QuickStartTest"/>
</testsuite> <!-- QuickStartTest -->
